[0m[[0m[0mdebug[0m] [0m[0m> Exec(compile, None, None)[0m
[0m[[0m[0mdebug[0m] [0m[0mEvaluating tasks: Compile / compile[0m
[0m[[0m[0mdebug[0m] [0m[0mRunning task... Cancel: Signal, check cycles: false, forcegc: true[0m
[0m[[0m[0minfo[0m] [0m[0mcompiling 11 Scala sources to /Users/s.makarov/IdeaProjects/jsonGenerator/target/scala-2.13/classes ...[0m
[0m[[0m[31merror[0m] [0m[0m/Users/s.makarov/IdeaProjects/jsonGenerator/src/main/scala/grpc/GRPC.scala:4:8: not found: object jsonService[0m
[0m[[0m[31merror[0m] [0m[0mimport jsonService.servicejson._[0m
[0m[[0m[31merror[0m] [0m[0m       ^[0m
[0m[[0m[31merror[0m] [0m[0m/Users/s.makarov/IdeaProjects/jsonGenerator/src/main/scala/grpc/GRPC.scala:10:17: not found: value JsonServiceGrpc[0m
[0m[[0m[31merror[0m] [0m[0m  val service = JsonServiceGrpc.bindService(new JsonServiceImpl, ExecutionContext.global)[0m
[0m[[0m[31merror[0m] [0m[0m                ^[0m
[0m[[0m[31merror[0m] [0m[0m/Users/s.makarov/IdeaProjects/jsonGenerator/src/main/scala/grpc/JsonServer.scala:6:8: not found: object jsonService[0m
[0m[[0m[31merror[0m] [0m[0mimport jsonService.servicejson.{ JsonReq1, JsonReq2, JsonResp1, JsonResp2, JsonServiceGrpc }[0m
[0m[[0m[31merror[0m] [0m[0m       ^[0m
[0m[[0m[31merror[0m] [0m[0m/Users/s.makarov/IdeaProjects/jsonGenerator/src/main/scala/grpc/JsonServer.scala:11:39: not found: value JsonServiceGrpc[0m
[0m[[0m[31merror[0m] [0m[0mprivate class JsonServiceImpl extends JsonServiceGrpc.JsonService {[0m
[0m[[0m[31merror[0m] [0m[0m                                      ^[0m
[0m[[0m[31merror[0m] [0m[0m/Users/s.makarov/IdeaProjects/jsonGenerator/src/main/scala/grpc/JsonServer.scala:13:52: not found: type JsonResp1[0m
[0m[[0m[31merror[0m] [0m[0m  override def unaryRPC(request: JsonReq1): Future[JsonResp1] = Future {[0m
[0m[[0m[31merror[0m] [0m[0m                                                   ^[0m
[0m[[0m[31merror[0m] [0m[0m/Users/s.makarov/IdeaProjects/jsonGenerator/src/main/scala/grpc/JsonServer.scala:13:34: not found: type JsonReq1[0m
[0m[[0m[31merror[0m] [0m[0m  override def unaryRPC(request: JsonReq1): Future[JsonResp1] = Future {[0m
[0m[[0m[31merror[0m] [0m[0m                                 ^[0m
[0m[[0m[31merror[0m] [0m[0m/Users/s.makarov/IdeaProjects/jsonGenerator/src/main/scala/grpc/JsonServer.scala:16:9: not found: value JsonResp1[0m
[0m[[0m[31merror[0m] [0m[0m        JsonResp1(Some(new JsonGenerator(request.bytes).res.noSpaces))[0m
[0m[[0m[31merror[0m] [0m[0m        ^[0m
[0m[[0m[31merror[0m] [0m[0m/Users/s.makarov/IdeaProjects/jsonGenerator/src/main/scala/grpc/JsonServer.scala:22:41: not found: type JsonReq2[0m
[0m[[0m[31merror[0m] [0m[0m  override def serverStreaming(request: JsonReq2, responseObserver: StreamObserver[JsonResp2]): Unit = {[0m
[0m[[0m[31merror[0m] [0m[0m                                        ^[0m
[0m[[0m[31merror[0m] [0m[0m/Users/s.makarov/IdeaProjects/jsonGenerator/src/main/scala/grpc/JsonServer.scala:22:84: not found: type JsonResp2[0m
[0m[[0m[31merror[0m] [0m[0m  override def serverStreaming(request: JsonReq2, responseObserver: StreamObserver[JsonResp2]): Unit = {[0m
[0m[[0m[31merror[0m] [0m[0m                                                                                   ^[0m
[0m[[0m[31merror[0m] [0m[0m/Users/s.makarov/IdeaProjects/jsonGenerator/src/main/scala/grpc/JsonServer.scala:40:31: not found: value JsonResp2[0m
[0m[[0m[31merror[0m] [0m[0m      responseObserver.onNext(JsonResp2(temp))[0m
[0m[[0m[31merror[0m] [0m[0m                              ^[0m
[0m[[0m[31merror[0m] [0m[0m10 errors found[0m
[0m[[0m[31merror[0m] [0m[0m(Compile / [31mcompileIncremental[0m) Compilation failed[0m
[0m[[0m[31merror[0m] [0m[0mTotal time: 2 s, completed 7 февр. 2022 г., 13:27:29[0m
[0m[[0m[0mdebug[0m] [0m[0m> Exec(idea-shell, None, None)[0m
